mode: set
github.com/letsgo-framework/letsgo/database/collections.go:5.41,7.2 1 0
github.com/letsgo-framework/letsgo/routes/routes.go:21.31,32.2 5 1
github.com/letsgo-framework/letsgo/routes/routes.go:38.2,38.10 1 1
github.com/letsgo-framework/letsgo/routes/routes.go:32.2,36.3 3 1
github.com/letsgo-framework/letsgo/controllers/auth_controller.go:34.17,57.2 9 1
github.com/letsgo-framework/letsgo/controllers/auth_controller.go:60.37,68.16 4 1
github.com/letsgo-framework/letsgo/controllers/auth_controller.go:71.2,72.10 2 1
github.com/letsgo-framework/letsgo/controllers/auth_controller.go:68.16,70.3 1 0
github.com/letsgo-framework/letsgo/controllers/auth_controller.go:76.31,78.2 1 1
github.com/letsgo-framework/letsgo/controllers/auth_controller.go:81.29,83.12 2 1
github.com/letsgo-framework/letsgo/controllers/auth_controller.go:87.2,87.28 1 0
github.com/letsgo-framework/letsgo/controllers/auth_controller.go:83.12,86.3 2 1
github.com/letsgo-framework/letsgo/controllers/auth_controller.go:91.32,100.16 7 0
github.com/letsgo-framework/letsgo/controllers/auth_controller.go:104.2,105.16 2 0
github.com/letsgo-framework/letsgo/controllers/auth_controller.go:109.2,110.10 2 0
github.com/letsgo-framework/letsgo/controllers/auth_controller.go:100.16,103.3 2 0
github.com/letsgo-framework/letsgo/controllers/auth_controller.go:105.16,108.3 2 0
github.com/letsgo-framework/letsgo/controllers/auth_controller.go:114.45,117.16 3 0
github.com/letsgo-framework/letsgo/controllers/auth_controller.go:121.2,122.18 2 0
github.com/letsgo-framework/letsgo/controllers/auth_controller.go:117.16,119.3 1 0
github.com/letsgo-framework/letsgo/controllers/auth_controller.go:126.43,131.2 3 0
github.com/letsgo-framework/letsgo/controllers/auth_controller.go:133.67,140.16 4 0
github.com/letsgo-framework/letsgo/controllers/auth_controller.go:144.2,146.23 2 0
github.com/letsgo-framework/letsgo/controllers/auth_controller.go:140.16,143.3 2 0
github.com/letsgo-framework/letsgo/controllers/auth_controller.go:146.23,149.3 2 0
github.com/letsgo-framework/letsgo/controllers/auth_controller.go:149.8,152.3 2 0
github.com/letsgo-framework/letsgo/controllers/auth_controller.go:156.57,160.2 3 0
github.com/letsgo-framework/letsgo/controllers/auth_controller.go:163.40,167.2 3 0
github.com/letsgo-framework/letsgo/controllers/auth_controller.go:170.51,177.2 5 0
github.com/letsgo-framework/letsgo/routes/auth_routes.go:10.54,15.54 2 1
github.com/letsgo-framework/letsgo/routes/auth_routes.go:24.2,28.2 5 1
github.com/letsgo-framework/letsgo/routes/auth_routes.go:32.2,32.13 1 1
github.com/letsgo-framework/letsgo/routes/auth_routes.go:15.54,17.4 1 1
github.com/letsgo-framework/letsgo/routes/auth_routes.go:19.38,21.4 1 1
github.com/letsgo-framework/letsgo/routes/auth_routes.go:28.2,30.3 1 1
github.com/letsgo-framework/letsgo/main.go:11.13,19.16 3 0
github.com/letsgo-framework/letsgo/main.go:25.2,30.16 4 0
github.com/letsgo-framework/letsgo/main.go:34.2,34.38 1 0
github.com/letsgo-framework/letsgo/main.go:19.16,21.3 1 0
github.com/letsgo-framework/letsgo/main.go:21.8,23.3 1 0
github.com/letsgo-framework/letsgo/main.go:30.16,32.3 1 0
github.com/letsgo-framework/letsgo/main.go:34.38,36.3 1 0
github.com/letsgo-framework/letsgo/main.go:36.8,38.3 1 0
github.com/letsgo-framework/letsgo/jobs/jobs.go:7.23,16.2 5 1
github.com/letsgo-framework/letsgo/log/letslog.go:54.22,56.20 2 1
github.com/letsgo-framework/letsgo/log/letslog.go:60.2,60.17 1 1
github.com/letsgo-framework/letsgo/log/letslog.go:56.20,58.3 1 0
github.com/letsgo-framework/letsgo/log/letslog.go:64.37,65.22 1 1
github.com/letsgo-framework/letsgo/log/letslog.go:70.2,70.15 1 0
github.com/letsgo-framework/letsgo/log/letslog.go:65.22,66.13 1 1
github.com/letsgo-framework/letsgo/log/letslog.go:66.13,68.4 1 1
github.com/letsgo-framework/letsgo/log/letslog.go:73.75,79.23 5 1
github.com/letsgo-framework/letsgo/log/letslog.go:79.23,80.48 1 1
github.com/letsgo-framework/letsgo/log/letslog.go:80.48,84.24 4 1
github.com/letsgo-framework/letsgo/log/letslog.go:84.24,86.5 1 1
github.com/letsgo-framework/letsgo/log/letslog.go:88.8,89.48 1 0
github.com/letsgo-framework/letsgo/log/letslog.go:89.48,93.24 4 0
github.com/letsgo-framework/letsgo/log/letslog.go:93.24,95.5 1 0
github.com/letsgo-framework/letsgo/log/letslog.go:100.38,105.2 3 1
github.com/letsgo-framework/letsgo/log/letslog.go:107.23,109.2 1 0
github.com/letsgo-framework/letsgo/log/letslog.go:111.21,126.27 4 1
github.com/letsgo-framework/letsgo/log/letslog.go:132.2,132.27 1 1
github.com/letsgo-framework/letsgo/log/letslog.go:138.2,138.27 1 1
github.com/letsgo-framework/letsgo/log/letslog.go:144.2,144.27 1 1
github.com/letsgo-framework/letsgo/log/letslog.go:151.2,151.43 1 1
github.com/letsgo-framework/letsgo/log/letslog.go:126.27,131.3 4 1
github.com/letsgo-framework/letsgo/log/letslog.go:132.27,137.3 4 0
github.com/letsgo-framework/letsgo/log/letslog.go:138.27,143.3 4 0
github.com/letsgo-framework/letsgo/log/letslog.go:144.27,149.3 4 0
github.com/letsgo-framework/letsgo/controllers/greeter_controller.go:16.28,26.2 3 1
github.com/letsgo-framework/letsgo/jobs/greeter_job.go:6.14,8.2 1 0
github.com/letsgo-framework/letsgo/jobs/greeter_job_mail.go:7.22,13.2 1 0
github.com/letsgo-framework/letsgo/database/database.go:33.49,35.17 2 1
github.com/letsgo-framework/letsgo/database/database.go:40.2,44.16 4 1
github.com/letsgo-framework/letsgo/database/database.go:47.2,49.16 3 1
github.com/letsgo-framework/letsgo/database/database.go:54.2,56.19 2 1
github.com/letsgo-framework/letsgo/database/database.go:35.17,39.3 3 1
github.com/letsgo-framework/letsgo/database/database.go:44.16,46.3 1 0
github.com/letsgo-framework/letsgo/database/database.go:49.16,51.3 1 1
github.com/letsgo-framework/letsgo/database/database.go:51.8,53.3 1 0
github.com/letsgo-framework/letsgo/database/database.go:60.53,62.16 2 1
github.com/letsgo-framework/letsgo/database/database.go:65.2,66.17 2 1
github.com/letsgo-framework/letsgo/database/database.go:71.2,76.16 6 1
github.com/letsgo-framework/letsgo/database/database.go:79.2,80.16 2 1
github.com/letsgo-framework/letsgo/database/database.go:86.2,86.19 1 1
github.com/letsgo-framework/letsgo/database/database.go:62.16,64.3 1 0
github.com/letsgo-framework/letsgo/database/database.go:66.17,70.3 3 1
github.com/letsgo-framework/letsgo/database/database.go:76.16,78.3 1 0
github.com/letsgo-framework/letsgo/database/database.go:80.16,82.3 1 1
github.com/letsgo-framework/letsgo/database/database.go:82.8,84.3 1 0
github.com/letsgo-framework/letsgo/helpers/respond_with_error.go:6.70,8.2 1 1
github.com/letsgo-framework/letsgo/mail/mail.go:27.42,29.2 1 0
github.com/letsgo-framework/letsgo/mail/mail.go:31.47,44.2 9 0
github.com/letsgo-framework/letsgo/mail/mail.go:46.82,66.16 15 0
github.com/letsgo-framework/letsgo/mail/mail.go:69.2,69.47 1 0
github.com/letsgo-framework/letsgo/mail/mail.go:76.2,76.41 1 0
github.com/letsgo-framework/letsgo/mail/mail.go:80.2,80.45 1 0
github.com/letsgo-framework/letsgo/mail/mail.go:83.2,83.26 1 0
github.com/letsgo-framework/letsgo/mail/mail.go:89.2,90.16 2 0
github.com/letsgo-framework/letsgo/mail/mail.go:94.2,95.16 2 0
github.com/letsgo-framework/letsgo/mail/mail.go:99.2,100.16 2 0
github.com/letsgo-framework/letsgo/mail/mail.go:104.2,106.39 2 0
github.com/letsgo-framework/letsgo/mail/mail.go:66.16,68.3 1 0
github.com/letsgo-framework/letsgo/mail/mail.go:69.47,71.48 2 0
github.com/letsgo-framework/letsgo/mail/mail.go:71.48,73.4 1 0
github.com/letsgo-framework/letsgo/mail/mail.go:76.41,78.3 1 0
github.com/letsgo-framework/letsgo/mail/mail.go:80.45,82.3 1 0
github.com/letsgo-framework/letsgo/mail/mail.go:83.26,84.39 1 0
github.com/letsgo-framework/letsgo/mail/mail.go:84.39,86.4 1 0
github.com/letsgo-framework/letsgo/mail/mail.go:90.16,92.3 1 0
github.com/letsgo-framework/letsgo/mail/mail.go:95.16,97.3 1 0
github.com/letsgo-framework/letsgo/mail/mail.go:100.16,102.3 1 0
