mode: set
github.com/letsgo-framework/letsgo/jobs/jobs.go:7.23,16.2 5 1
github.com/letsgo-framework/letsgo/database/collections.go:5.41,7.2 1 1
github.com/letsgo-framework/letsgo/database/database.go:33.49,35.17 2 1
github.com/letsgo-framework/letsgo/database/database.go:40.2,44.16 4 1
github.com/letsgo-framework/letsgo/database/database.go:47.2,49.16 3 1
github.com/letsgo-framework/letsgo/database/database.go:54.2,56.19 2 1
github.com/letsgo-framework/letsgo/database/database.go:35.17,39.3 3 1
github.com/letsgo-framework/letsgo/database/database.go:44.16,46.3 1 0
github.com/letsgo-framework/letsgo/database/database.go:49.16,51.3 1 1
github.com/letsgo-framework/letsgo/database/database.go:51.8,53.3 1 0
github.com/letsgo-framework/letsgo/database/database.go:60.53,62.16 2 1
github.com/letsgo-framework/letsgo/database/database.go:65.2,66.17 2 1
github.com/letsgo-framework/letsgo/database/database.go:71.2,76.16 6 1
github.com/letsgo-framework/letsgo/database/database.go:79.2,80.16 2 1
github.com/letsgo-framework/letsgo/database/database.go:86.2,86.19 1 1
github.com/letsgo-framework/letsgo/database/database.go:62.16,64.3 1 0
github.com/letsgo-framework/letsgo/database/database.go:66.17,70.3 3 1
github.com/letsgo-framework/letsgo/database/database.go:76.16,78.3 1 0
github.com/letsgo-framework/letsgo/database/database.go:80.16,82.3 1 1
github.com/letsgo-framework/letsgo/database/database.go:82.8,84.3 1 0
github.com/letsgo-framework/letsgo/controllers/greeter_controller.go:16.28,26.2 3 1
github.com/letsgo-framework/letsgo/helpers/respond_with_error.go:6.70,8.2 1 1
github.com/letsgo-framework/letsgo/jobs/greeter_job_mail.go:7.22,13.2 1 0
github.com/letsgo-framework/letsgo/routes/auth_routes.go:10.54,15.54 2 1
github.com/letsgo-framework/letsgo/routes/auth_routes.go:24.2,28.2 5 1
github.com/letsgo-framework/letsgo/routes/auth_routes.go:32.2,32.13 1 1
github.com/letsgo-framework/letsgo/routes/auth_routes.go:15.54,17.4 1 1
github.com/letsgo-framework/letsgo/routes/auth_routes.go:19.38,21.4 1 1
github.com/letsgo-framework/letsgo/routes/auth_routes.go:28.2,30.3 1 1
github.com/letsgo-framework/letsgo/log/letslog.go:59.22,61.20 2 1
github.com/letsgo-framework/letsgo/log/letslog.go:65.2,65.17 1 1
github.com/letsgo-framework/letsgo/log/letslog.go:61.20,63.3 1 1
github.com/letsgo-framework/letsgo/log/letslog.go:69.37,70.22 1 1
github.com/letsgo-framework/letsgo/log/letslog.go:75.2,75.15 1 0
github.com/letsgo-framework/letsgo/log/letslog.go:70.22,71.13 1 1
github.com/letsgo-framework/letsgo/log/letslog.go:71.13,73.4 1 1
github.com/letsgo-framework/letsgo/log/letslog.go:78.75,84.23 5 1
github.com/letsgo-framework/letsgo/log/letslog.go:84.23,85.48 1 1
github.com/letsgo-framework/letsgo/log/letslog.go:85.48,89.24 4 1
github.com/letsgo-framework/letsgo/log/letslog.go:89.24,91.5 1 1
github.com/letsgo-framework/letsgo/log/letslog.go:93.8,94.48 1 0
github.com/letsgo-framework/letsgo/log/letslog.go:94.48,98.24 4 0
github.com/letsgo-framework/letsgo/log/letslog.go:98.24,100.5 1 0
github.com/letsgo-framework/letsgo/log/letslog.go:105.76,111.23 5 1
github.com/letsgo-framework/letsgo/log/letslog.go:111.23,112.33 1 1
github.com/letsgo-framework/letsgo/log/letslog.go:112.33,116.24 4 0
github.com/letsgo-framework/letsgo/log/letslog.go:116.24,119.5 2 0
github.com/letsgo-framework/letsgo/log/letslog.go:121.8,122.33 1 0
github.com/letsgo-framework/letsgo/log/letslog.go:122.33,126.24 4 0
github.com/letsgo-framework/letsgo/log/letslog.go:126.24,129.5 2 0
github.com/letsgo-framework/letsgo/log/letslog.go:134.38,139.2 3 1
github.com/letsgo-framework/letsgo/log/letslog.go:141.23,143.2 1 0
github.com/letsgo-framework/letsgo/log/letslog.go:145.21,159.27 4 1
github.com/letsgo-framework/letsgo/log/letslog.go:169.2,169.27 1 1
github.com/letsgo-framework/letsgo/log/letslog.go:179.2,179.27 1 1
github.com/letsgo-framework/letsgo/log/letslog.go:188.2,188.27 1 1
github.com/letsgo-framework/letsgo/log/letslog.go:198.2,198.43 1 1
github.com/letsgo-framework/letsgo/log/letslog.go:159.27,168.3 8 1
github.com/letsgo-framework/letsgo/log/letslog.go:169.27,178.3 8 0
github.com/letsgo-framework/letsgo/log/letslog.go:179.27,187.3 7 0
github.com/letsgo-framework/letsgo/log/letslog.go:188.27,196.3 7 0
github.com/letsgo-framework/letsgo/routes/routes.go:21.31,32.2 5 1
github.com/letsgo-framework/letsgo/routes/routes.go:38.2,38.10 1 1
github.com/letsgo-framework/letsgo/routes/routes.go:32.2,36.3 3 1
github.com/letsgo-framework/letsgo/mail/mail.go:27.42,29.2 1 0
github.com/letsgo-framework/letsgo/mail/mail.go:31.47,44.2 9 0
github.com/letsgo-framework/letsgo/mail/mail.go:46.82,66.16 15 0
github.com/letsgo-framework/letsgo/mail/mail.go:69.2,69.47 1 0
github.com/letsgo-framework/letsgo/mail/mail.go:76.2,76.41 1 0
github.com/letsgo-framework/letsgo/mail/mail.go:80.2,80.45 1 0
github.com/letsgo-framework/letsgo/mail/mail.go:83.2,83.26 1 0
github.com/letsgo-framework/letsgo/mail/mail.go:89.2,90.16 2 0
github.com/letsgo-framework/letsgo/mail/mail.go:94.2,95.16 2 0
github.com/letsgo-framework/letsgo/mail/mail.go:99.2,100.16 2 0
github.com/letsgo-framework/letsgo/mail/mail.go:104.2,106.39 2 0
github.com/letsgo-framework/letsgo/mail/mail.go:66.16,68.3 1 0
github.com/letsgo-framework/letsgo/mail/mail.go:69.47,71.48 2 0
github.com/letsgo-framework/letsgo/mail/mail.go:71.48,73.4 1 0
github.com/letsgo-framework/letsgo/mail/mail.go:76.41,78.3 1 0
github.com/letsgo-framework/letsgo/mail/mail.go:80.45,82.3 1 0
github.com/letsgo-framework/letsgo/mail/mail.go:83.26,84.39 1 0
github.com/letsgo-framework/letsgo/mail/mail.go:84.39,86.4 1 0
github.com/letsgo-framework/letsgo/mail/mail.go:90.16,92.3 1 0
github.com/letsgo-framework/letsgo/mail/mail.go:95.16,97.3 1 0
github.com/letsgo-framework/letsgo/mail/mail.go:100.16,102.3 1 0
github.com/letsgo-framework/letsgo/jobs/greeter_job.go:6.14,8.2 1 0
github.com/letsgo-framework/letsgo/controllers/auth_controller.go:34.17,64.16 11 1
github.com/letsgo-framework/letsgo/controllers/auth_controller.go:64.16,66.3 1 0
github.com/letsgo-framework/letsgo/controllers/auth_controller.go:70.37,78.16 4 1
github.com/letsgo-framework/letsgo/controllers/auth_controller.go:81.2,82.10 2 1
github.com/letsgo-framework/letsgo/controllers/auth_controller.go:78.16,80.3 1 0
github.com/letsgo-framework/letsgo/controllers/auth_controller.go:86.31,88.2 1 1
github.com/letsgo-framework/letsgo/controllers/auth_controller.go:91.29,93.12 2 1
github.com/letsgo-framework/letsgo/controllers/auth_controller.go:97.2,97.28 1 0
github.com/letsgo-framework/letsgo/controllers/auth_controller.go:93.12,96.3 2 1
github.com/letsgo-framework/letsgo/controllers/auth_controller.go:101.32,110.16 7 1
github.com/letsgo-framework/letsgo/controllers/auth_controller.go:114.2,115.16 2 1
github.com/letsgo-framework/letsgo/controllers/auth_controller.go:119.2,120.10 2 1
github.com/letsgo-framework/letsgo/controllers/auth_controller.go:110.16,113.3 2 0
github.com/letsgo-framework/letsgo/controllers/auth_controller.go:115.16,118.3 2 0
github.com/letsgo-framework/letsgo/controllers/auth_controller.go:124.45,127.16 3 1
github.com/letsgo-framework/letsgo/controllers/auth_controller.go:131.2,132.18 2 1
github.com/letsgo-framework/letsgo/controllers/auth_controller.go:127.16,129.3 1 0
github.com/letsgo-framework/letsgo/controllers/auth_controller.go:136.43,141.2 3 1
github.com/letsgo-framework/letsgo/controllers/auth_controller.go:143.67,150.16 4 1
github.com/letsgo-framework/letsgo/controllers/auth_controller.go:154.2,156.23 2 1
github.com/letsgo-framework/letsgo/controllers/auth_controller.go:150.16,153.3 2 0
github.com/letsgo-framework/letsgo/controllers/auth_controller.go:156.23,159.3 2 0
github.com/letsgo-framework/letsgo/controllers/auth_controller.go:159.8,162.3 2 1
github.com/letsgo-framework/letsgo/controllers/auth_controller.go:166.57,170.2 3 0
github.com/letsgo-framework/letsgo/controllers/auth_controller.go:173.40,177.2 3 0
github.com/letsgo-framework/letsgo/controllers/auth_controller.go:180.51,187.2 5 0
github.com/letsgo-framework/letsgo/main.go:11.13,19.16 3 0
github.com/letsgo-framework/letsgo/main.go:25.2,30.16 4 0
github.com/letsgo-framework/letsgo/main.go:34.2,34.38 1 0
github.com/letsgo-framework/letsgo/main.go:19.16,21.3 1 0
github.com/letsgo-framework/letsgo/main.go:21.8,23.3 1 0
github.com/letsgo-framework/letsgo/main.go:30.16,32.3 1 0
github.com/letsgo-framework/letsgo/main.go:34.38,36.3 1 0
github.com/letsgo-framework/letsgo/main.go:36.8,38.3 1 0
